2025-10-17 20:42:43.198 [background-preinit] INFO  o.h.validator.internal.util.Version - HV000001: Hibernate Validator 8.0.2.Final
2025-10-17 20:42:43.276 [main] INFO  org.example.Main - Starting Main using Java 23.0.1 with PID 22156 (C:\Users\danil\OneDrive\Desktop\Social_network1\target\classes started by danil in C:\Users\danil\OneDrive\Desktop\Social_network1)
2025-10-17 20:42:43.276 [main] INFO  org.example.Main - No active profile set, falling back to 1 default profile: "default"
2025-10-17 20:42:44.174 [main] INFO  o.s.d.r.c.RepositoryConfigurationDelegate - Bootstrapping Spring Data JPA repositories in DEFAULT mode.
2025-10-17 20:42:44.269 [main] INFO  o.s.d.r.c.RepositoryConfigurationDelegate - Finished Spring Data repository scanning in 89 ms. Found 2 JPA repository interfaces.
2025-10-17 20:42:44.889 [main] INFO  o.s.b.w.e.tomcat.TomcatWebServer - Tomcat initialized with port 8080 (http)
2025-10-17 20:42:44.905 [main] INFO  o.a.coyote.http11.Http11NioProtocol - Initializing ProtocolHandler ["http-nio-8080"]
2025-10-17 20:42:44.905 [main] INFO  o.a.catalina.core.StandardService - Starting service [Tomcat]
2025-10-17 20:42:44.905 [main] INFO  o.a.catalina.core.StandardEngine - Starting Servlet engine: [Apache Tomcat/10.1.39]
2025-10-17 20:42:44.984 [main] INFO  o.a.c.c.C.[Tomcat].[localhost].[/] - Initializing Spring embedded WebApplicationContext
2025-10-17 20:42:44.984 [main] INFO  o.s.b.w.s.c.ServletWebServerApplicationContext - Root WebApplicationContext: initialization completed in 1646 ms
2025-10-17 20:42:45.127 [main] INFO  com.zaxxer.hikari.HikariDataSource - HikariPool-1 - Starting...
2025-10-17 20:42:45.349 [main] INFO  com.zaxxer.hikari.pool.HikariPool - HikariPool-1 - Added connection org.postgresql.jdbc.PgConnection@2b877a54
2025-10-17 20:42:45.349 [main] INFO  com.zaxxer.hikari.HikariDataSource - HikariPool-1 - Start completed.
2025-10-17 20:42:45.572 [main] INFO  liquibase.database - Set default schema name to public
2025-10-17 20:42:46.201 [main] INFO  liquibase.changelog - Reading from public.databasechangelog
2025-10-17 20:42:46.283 [main] INFO  liquibase.ui - Database is up to date, no changesets to execute
2025-10-17 20:42:46.283 [main] INFO  liquibase.changelog - Reading from public.databasechangelog
2025-10-17 20:42:46.283 [main] INFO  liquibase.util - UPDATE SUMMARY
2025-10-17 20:42:46.283 [main] INFO  liquibase.util - Run:                          0
2025-10-17 20:42:46.283 [main] INFO  liquibase.util - Previously run:              12
2025-10-17 20:42:46.296 [main] INFO  liquibase.util - Filtered out:                 0
2025-10-17 20:42:46.296 [main] INFO  liquibase.util - -------------------------------
2025-10-17 20:42:46.296 [main] INFO  liquibase.util - Total change sets:           12
2025-10-17 20:42:46.297 [main] INFO  liquibase.util - Update summary generated
2025-10-17 20:42:46.298 [main] INFO  liquibase.command - Command execution complete
2025-10-17 20:42:46.342 [main] INFO  o.h.jpa.internal.util.LogHelper - HHH000204: Processing PersistenceUnitInfo [name: default]
2025-10-17 20:42:46.422 [main] INFO  org.hibernate.Version - HHH000412: Hibernate ORM core version 6.4.4.Final
2025-10-17 20:42:46.470 [main] INFO  o.h.c.i.RegionFactoryInitiator - HHH000026: Second-level cache disabled
2025-10-17 20:42:46.836 [main] INFO  o.s.o.j.p.SpringPersistenceUnitInfo - No LoadTimeWeaver setup: ignoring JPA class transformer
2025-10-17 20:42:48.138 [main] INFO  o.h.e.t.j.p.i.JtaPlatformInitiator - HHH000489: No JTA platform available (set 'hibernate.transaction.jta.platform' to enable JTA platform integration)
2025-10-17 20:42:48.138 [main] INFO  o.s.o.j.LocalContainerEntityManagerFactoryBean - Initialized JPA EntityManagerFactory for persistence unit 'default'
2025-10-17 20:42:48.567 [main] INFO  o.s.s.c.a.a.c.InitializeUserDetailsBeanManagerConfigurer$InitializeUserDetailsManagerConfigurer - Global AuthenticationManager configured with UserDetailsService bean with name customUserDetailsService
2025-10-17 20:42:48.599 [main] WARN  o.s.aop.framework.CglibAopProxy - Unable to proxy interface-implementing method [public final org.example.dto.CommunityDTO org.example.service.impl.CommunityServiceImpl.createCommunity(java.lang.Long,java.lang.String,java.lang.String)] because it is marked as final, consider using interface-based JDK proxies instead.
2025-10-17 20:42:48.663 [main] WARN  o.s.b.a.o.j.JpaBaseConfiguration$JpaWebConfiguration - spring.jpa.open-in-view is enabled by default. Therefore, database queries may be performed during view rendering. Explicitly configure spring.jpa.open-in-view to disable this warning
2025-10-17 20:42:48.966 [main] DEBUG o.s.s.web.DefaultSecurityFilterChain - Will secure any request with filters: DisableEncodeUrlFilter, WebAsyncManagerIntegrationFilter, SecurityContextHolderFilter, HeaderWriterFilter, LogoutFilter, JwtAuthenticationFilter, RequestCacheAwareFilter, SecurityContextHolderAwareRequestFilter, AnonymousAuthenticationFilter, SessionManagementFilter, ExceptionTranslationFilter, AuthorizationFilter
2025-10-17 20:42:49.173 [main] INFO  o.a.coyote.http11.Http11NioProtocol - Starting ProtocolHandler ["http-nio-8080"]
2025-10-17 20:42:49.205 [main] INFO  o.s.b.w.e.tomcat.TomcatWebServer - Tomcat started on port 8080 (http) with context path '/'
2025-10-17 20:42:49.205 [main] INFO  org.example.Main - Started Main in 6.575 seconds (process running for 7.03)
2025-10-17 20:52:19.793 [http-nio-8080-exec-2] INFO  o.a.c.c.C.[Tomcat].[localhost].[/] - Initializing Spring DispatcherServlet 'dispatcherServlet'
2025-10-17 20:52:19.793 [http-nio-8080-exec-2] INFO  o.s.web.servlet.DispatcherServlet - Initializing Servlet 'dispatcherServlet'
2025-10-17 20:52:19.795 [http-nio-8080-exec-2] INFO  o.s.web.servlet.DispatcherServlet - Completed initialization in 1 ms
2025-10-17 20:52:19.816 [http-nio-8080-exec-2] DEBUG o.s.security.web.FilterChainProxy - Securing GET /roles/search?name=ROLE_ADMIN
2025-10-17 20:52:19.897 [http-nio-8080-exec-2] WARN  o.e.security.JwtAuthenticationFilter - Невалидный JWT-токен
2025-10-17 20:52:19.907 [http-nio-8080-exec-2] DEBUG o.s.security.web.FilterChainProxy - Securing GET /error?name=ROLE_ADMIN
2025-10-17 20:52:19.910 [http-nio-8080-exec-2] DEBUG o.s.s.w.a.AnonymousAuthenticationFilter - Set SecurityContextHolder to anonymous SecurityContext
2025-10-17 20:52:19.912 [http-nio-8080-exec-2] DEBUG o.s.s.w.a.Http403ForbiddenEntryPoint - Pre-authenticated entry point called. Rejecting access
2025-10-17 20:53:14.689 [http-nio-8080-exec-3] DEBUG o.s.security.web.FilterChainProxy - Securing POST /auth/login
2025-10-17 20:53:14.689 [http-nio-8080-exec-3] DEBUG o.s.s.w.a.AnonymousAuthenticationFilter - Set SecurityContextHolder to anonymous SecurityContext
2025-10-17 20:53:14.689 [http-nio-8080-exec-3] DEBUG o.s.security.web.FilterChainProxy - Secured POST /auth/login
2025-10-17 20:53:14.976 [http-nio-8080-exec-3] DEBUG org.hibernate.SQL - select u1_0.id,u1_0.age,u1_0.created_at,u1_0.first_name,u1_0.gender,u1_0.last_name,u1_0.password,u1_0.username from Users u1_0 where u1_0.username=?
2025-10-17 20:53:15.008 [http-nio-8080-exec-3] DEBUG org.hibernate.SQL - select r1_0.user_id,r1_1.id,r1_1.name from user_roles r1_0 join Roles r1_1 on r1_1.id=r1_0.role_id where r1_0.user_id=?
2025-10-17 20:53:15.119 [http-nio-8080-exec-3] DEBUG o.s.s.a.d.DaoAuthenticationProvider - Authenticated user
2025-10-17 20:53:31.743 [http-nio-8080-exec-4] DEBUG o.s.security.web.FilterChainProxy - Securing GET /roles/search?name=ROLE_ADMIN
2025-10-17 20:53:31.778 [http-nio-8080-exec-4] DEBUG org.hibernate.SQL - select u1_0.id,u1_0.age,u1_0.created_at,u1_0.first_name,u1_0.gender,u1_0.last_name,u1_0.password,u1_0.username from Users u1_0 where u1_0.username=?
2025-10-17 20:53:31.780 [http-nio-8080-exec-4] DEBUG org.hibernate.SQL - select r1_0.user_id,r1_1.id,r1_1.name from user_roles r1_0 join Roles r1_1 on r1_1.id=r1_0.role_id where r1_0.user_id=?
2025-10-17 20:53:31.781 [http-nio-8080-exec-4] INFO  o.e.security.JwtAuthenticationFilter - Info: Пользователь testuser успешно аутенфицирован
2025-10-17 20:53:31.782 [http-nio-8080-exec-4] DEBUG o.s.security.web.FilterChainProxy - Secured GET /roles/search?name=ROLE_ADMIN
2025-10-17 20:53:31.990 [http-nio-8080-exec-4] DEBUG org.hibernate.SQL - select r1_0.id,r1_0.name from Roles r1_0 where r1_0.name=?
2025-10-17 20:53:31.991 [http-nio-8080-exec-4] INFO  o.e.service.impl.RoleServiceImpl - Info: Роли найденные с именем: ROLE_ADMIN
2025-10-17 20:56:00.814 [http-nio-8080-exec-7] DEBUG o.s.security.web.FilterChainProxy - Securing GET /roles/2
2025-10-17 20:56:00.819 [http-nio-8080-exec-7] DEBUG org.hibernate.SQL - select u1_0.id,u1_0.age,u1_0.created_at,u1_0.first_name,u1_0.gender,u1_0.last_name,u1_0.password,u1_0.username from Users u1_0 where u1_0.username=?
2025-10-17 20:56:00.821 [http-nio-8080-exec-7] DEBUG org.hibernate.SQL - select r1_0.user_id,r1_1.id,r1_1.name from user_roles r1_0 join Roles r1_1 on r1_1.id=r1_0.role_id where r1_0.user_id=?
2025-10-17 20:56:00.823 [http-nio-8080-exec-7] INFO  o.e.security.JwtAuthenticationFilter - Info: Пользователь testuser успешно аутенфицирован
2025-10-17 20:56:00.823 [http-nio-8080-exec-7] DEBUG o.s.security.web.FilterChainProxy - Secured GET /roles/2
2025-10-17 20:56:00.830 [http-nio-8080-exec-7] DEBUG org.hibernate.SQL - select r1_0.id,r1_0.name from Roles r1_0 where r1_0.id=?
2025-10-17 20:56:00.831 [http-nio-8080-exec-7] INFO  o.e.service.impl.RoleServiceImpl - Info: Роль найдена с id 2
2025-10-17 20:56:04.304 [http-nio-8080-exec-8] DEBUG o.s.security.web.FilterChainProxy - Securing GET /roles/1
2025-10-17 20:56:04.309 [http-nio-8080-exec-8] DEBUG org.hibernate.SQL - select u1_0.id,u1_0.age,u1_0.created_at,u1_0.first_name,u1_0.gender,u1_0.last_name,u1_0.password,u1_0.username from Users u1_0 where u1_0.username=?
2025-10-17 20:56:04.310 [http-nio-8080-exec-8] DEBUG org.hibernate.SQL - select r1_0.user_id,r1_1.id,r1_1.name from user_roles r1_0 join Roles r1_1 on r1_1.id=r1_0.role_id where r1_0.user_id=?
2025-10-17 20:56:04.311 [http-nio-8080-exec-8] INFO  o.e.security.JwtAuthenticationFilter - Info: Пользователь testuser успешно аутенфицирован
2025-10-17 20:56:04.312 [http-nio-8080-exec-8] DEBUG o.s.security.web.FilterChainProxy - Secured GET /roles/1
2025-10-17 20:56:04.313 [http-nio-8080-exec-8] DEBUG org.hibernate.SQL - select r1_0.id,r1_0.name from Roles r1_0 where r1_0.id=?
2025-10-17 20:56:04.314 [http-nio-8080-exec-8] INFO  o.e.service.impl.RoleServiceImpl - Info: Роль найдена с id 1
2025-10-17 20:56:22.718 [http-nio-8080-exec-9] DEBUG o.s.security.web.FilterChainProxy - Securing GET /roles/all
2025-10-17 20:56:22.723 [http-nio-8080-exec-9] DEBUG org.hibernate.SQL - select u1_0.id,u1_0.age,u1_0.created_at,u1_0.first_name,u1_0.gender,u1_0.last_name,u1_0.password,u1_0.username from Users u1_0 where u1_0.username=?
2025-10-17 20:56:22.724 [http-nio-8080-exec-9] DEBUG org.hibernate.SQL - select r1_0.user_id,r1_1.id,r1_1.name from user_roles r1_0 join Roles r1_1 on r1_1.id=r1_0.role_id where r1_0.user_id=?
2025-10-17 20:56:22.725 [http-nio-8080-exec-9] INFO  o.e.security.JwtAuthenticationFilter - Info: Пользователь testuser успешно аутенфицирован
2025-10-17 20:56:22.726 [http-nio-8080-exec-9] DEBUG o.s.security.web.FilterChainProxy - Secured GET /roles/all
2025-10-17 20:56:22.729 [http-nio-8080-exec-9] DEBUG org.hibernate.SQL - select r1_0.id,r1_0.name from Roles r1_0
2025-10-17 20:56:22.730 [http-nio-8080-exec-9] INFO  o.e.service.impl.RoleServiceImpl - Info: найдено ролей: 2
2025-10-17 20:59:36.155 [http-nio-8080-exec-2] DEBUG o.s.security.web.FilterChainProxy - Securing GET /users/search?gender=MALE
2025-10-17 20:59:36.158 [http-nio-8080-exec-2] WARN  o.e.security.JwtAuthenticationFilter - Невалидный JWT-токен
2025-10-17 20:59:36.159 [http-nio-8080-exec-2] DEBUG o.s.security.web.FilterChainProxy - Securing GET /error?gender=MALE
2025-10-17 20:59:36.160 [http-nio-8080-exec-2] DEBUG o.s.s.w.a.AnonymousAuthenticationFilter - Set SecurityContextHolder to anonymous SecurityContext
2025-10-17 20:59:36.160 [http-nio-8080-exec-2] DEBUG o.s.s.w.a.Http403ForbiddenEntryPoint - Pre-authenticated entry point called. Rejecting access
2025-10-17 21:06:48.684 [http-nio-8080-exec-5] DEBUG o.s.security.web.FilterChainProxy - Securing GET /roles/assign?userId=1&roleId=2
2025-10-17 21:06:48.690 [http-nio-8080-exec-5] DEBUG org.hibernate.SQL - select u1_0.id,u1_0.age,u1_0.created_at,u1_0.first_name,u1_0.gender,u1_0.last_name,u1_0.password,u1_0.username from Users u1_0 where u1_0.username=?
2025-10-17 21:06:48.693 [http-nio-8080-exec-5] DEBUG org.hibernate.SQL - select r1_0.user_id,r1_1.id,r1_1.name from user_roles r1_0 join Roles r1_1 on r1_1.id=r1_0.role_id where r1_0.user_id=?
2025-10-17 21:06:48.694 [http-nio-8080-exec-5] INFO  o.e.security.JwtAuthenticationFilter - Info: Пользователь testuser успешно аутенфицирован
2025-10-17 21:06:48.695 [http-nio-8080-exec-5] DEBUG o.s.security.web.FilterChainProxy - Secured GET /roles/assign?userId=1&roleId=2
2025-10-17 21:06:48.699 [http-nio-8080-exec-5] ERROR org.example.GlobalExceptionHandler - Unhandled exception
org.springframework.web.method.annotation.MethodArgumentTypeMismatchException: Method parameter 'id': Failed to convert value of type 'java.lang.String' to required type 'java.lang.Long'; For input string: "assign"
	at org.springframework.web.method.annotation.AbstractNamedValueMethodArgumentResolver.convertIfNecessary(AbstractNamedValueMethodArgumentResolver.java:301)
	at org.springframework.web.method.annotation.AbstractNamedValueMethodArgumentResolver.resolveArgument(AbstractNamedValueMethodArgumentResolver.java:136)
	at org.springframework.web.method.support.HandlerMethodArgumentResolverComposite.resolveArgument(HandlerMethodArgumentResolverComposite.java:122)
	at org.springframework.web.method.support.InvocableHandlerMethod.getMethodArgumentValues(InvocableHandlerMethod.java:227)
	at org.springframework.web.method.support.InvocableHandlerMethod.invokeForRequest(InvocableHandlerMethod.java:181)
	at org.springframework.web.servlet.mvc.method.annotation.ServletInvocableHandlerMethod.invokeAndHandle(ServletInvocableHandlerMethod.java:118)
	at org.springframework.web.servlet.mvc.method.annotation.RequestMappingHandlerAdapter.invokeHandlerMethod(RequestMappingHandlerAdapter.java:986)
	at org.springframework.web.servlet.mvc.method.annotation.RequestMappingHandlerAdapter.handleInternal(RequestMappingHandlerAdapter.java:891)
	at org.springframework.web.servlet.mvc.method.AbstractHandlerMethodAdapter.handle(AbstractHandlerMethodAdapter.java:87)
	at org.springframework.web.servlet.DispatcherServlet.doDispatch(DispatcherServlet.java:1089)
	at org.springframework.web.servlet.DispatcherServlet.doService(DispatcherServlet.java:979)
	at org.springframework.web.servlet.FrameworkServlet.processRequest(FrameworkServlet.java:1014)
	at org.springframework.web.servlet.FrameworkServlet.doGet(FrameworkServlet.java:903)
	at jakarta.servlet.http.HttpServlet.service(HttpServlet.java:564)
	at org.springframework.web.servlet.FrameworkServlet.service(FrameworkServlet.java:885)
	at jakarta.servlet.http.HttpServlet.service(HttpServlet.java:658)
	at org.apache.catalina.core.ApplicationFilterChain.internalDoFilter(ApplicationFilterChain.java:195)
	at org.apache.catalina.core.ApplicationFilterChain.doFilter(ApplicationFilterChain.java:140)
	at org.apache.tomcat.websocket.server.WsFilter.doFilter(WsFilter.java:51)
	at org.apache.catalina.core.ApplicationFilterChain.internalDoFilter(ApplicationFilterChain.java:164)
	at org.apache.catalina.core.ApplicationFilterChain.doFilter(ApplicationFilterChain.java:140)
	at org.springframework.web.filter.OncePerRequestFilter.doFilter(OncePerRequestFilter.java:110)
	at org.apache.catalina.core.ApplicationFilterChain.internalDoFilter(ApplicationFilterChain.java:164)
	at org.apache.catalina.core.ApplicationFilterChain.doFilter(ApplicationFilterChain.java:140)
	at org.springframework.web.filter.CompositeFilter$VirtualFilterChain.doFilter(CompositeFilter.java:108)
	at org.springframework.security.web.FilterChainProxy.lambda$doFilterInternal$3(FilterChainProxy.java:231)
	at org.springframework.security.web.FilterChainProxy$VirtualFilterChain.doFilter(FilterChainProxy.java:365)
	at org.springframework.security.web.access.intercept.AuthorizationFilter.doFilter(AuthorizationFilter.java:101)
	at org.springframework.security.web.FilterChainProxy$VirtualFilterChain.doFilter(FilterChainProxy.java:374)
	at org.springframework.security.web.access.ExceptionTranslationFilter.doFilter(ExceptionTranslationFilter.java:126)
	at org.springframework.security.web.access.ExceptionTranslationFilter.doFilter(ExceptionTranslationFilter.java:120)
	at org.springframework.security.web.FilterChainProxy$VirtualFilterChain.doFilter(FilterChainProxy.java:374)
	at org.springframework.security.web.session.SessionManagementFilter.doFilter(SessionManagementFilter.java:131)
	at org.springframework.security.web.session.SessionManagementFilter.doFilter(SessionManagementFilter.java:85)
	at org.springframework.security.web.FilterChainProxy$VirtualFilterChain.doFilter(FilterChainProxy.java:374)
	at org.springframework.security.web.authentication.AnonymousAuthenticationFilter.doFilter(AnonymousAuthenticationFilter.java:100)
	at org.springframework.security.web.FilterChainProxy$VirtualFilterChain.doFilter(FilterChainProxy.java:374)
	at org.springframework.security.web.servletapi.SecurityContextHolderAwareRequestFilter.doFilter(SecurityContextHolderAwareRequestFilter.java:179)
	at org.springframework.security.web.FilterChainProxy$VirtualFilterChain.doFilter(FilterChainProxy.java:374)
	at org.springframework.security.web.savedrequest.RequestCacheAwareFilter.doFilter(RequestCacheAwareFilter.java:63)
	at org.springframework.security.web.FilterChainProxy$VirtualFilterChain.doFilter(FilterChainProxy.java:374)
	at org.example.security.JwtAuthenticationFilter.doFilterInternal(JwtAuthenticationFilter.java:60)
	at org.springframework.web.filter.OncePerRequestFilter.doFilter(OncePerRequestFilter.java:116)
	at org.springframework.security.web.FilterChainProxy$VirtualFilterChain.doFilter(FilterChainProxy.java:374)
	at org.springframework.security.web.authentication.logout.LogoutFilter.doFilter(LogoutFilter.java:107)
	at org.springframework.security.web.authentication.logout.LogoutFilter.doFilter(LogoutFilter.java:93)
	at org.springframework.security.web.FilterChainProxy$VirtualFilterChain.doFilter(FilterChainProxy.java:374)
	at org.springframework.security.web.header.HeaderWriterFilter.doHeadersAfter(HeaderWriterFilter.java:90)
	at org.springframework.security.web.header.HeaderWriterFilter.doFilterInternal(HeaderWriterFilter.java:75)
	at org.springframework.web.filter.OncePerRequestFilter.doFilter(OncePerRequestFilter.java:116)
	at org.springframework.security.web.FilterChainProxy$VirtualFilterChain.doFilter(FilterChainProxy.java:374)
	at org.springframework.security.web.context.SecurityContextHolderFilter.doFilter(SecurityContextHolderFilter.java:82)
	at org.springframework.security.web.context.SecurityContextHolderFilter.doFilter(SecurityContextHolderFilter.java:69)
	at org.springframework.security.web.FilterChainProxy$VirtualFilterChain.doFilter(FilterChainProxy.java:374)
	at org.springframework.security.web.context.request.async.WebAsyncManagerIntegrationFilter.doFilterInternal(WebAsyncManagerIntegrationFilter.java:62)
	at org.springframework.web.filter.OncePerRequestFilter.doFilter(OncePerRequestFilter.java:116)
	at org.springframework.security.web.FilterChainProxy$VirtualFilterChain.doFilter(FilterChainProxy.java:374)
	at org.springframework.security.web.session.DisableEncodeUrlFilter.doFilterInternal(DisableEncodeUrlFilter.java:42)
	at org.springframework.web.filter.OncePerRequestFilter.doFilter(OncePerRequestFilter.java:116)
	at org.springframework.security.web.FilterChainProxy$VirtualFilterChain.doFilter(FilterChainProxy.java:374)
	at org.springframework.security.web.FilterChainProxy.doFilterInternal(FilterChainProxy.java:233)
	at org.springframework.security.web.FilterChainProxy.doFilter(FilterChainProxy.java:191)
	at org.springframework.web.filter.CompositeFilter$VirtualFilterChain.doFilter(CompositeFilter.java:113)
	at org.springframework.web.servlet.handler.HandlerMappingIntrospector.lambda$createCacheFilter$3(HandlerMappingIntrospector.java:243)
	at org.springframework.web.filter.CompositeFilter$VirtualFilterChain.doFilter(CompositeFilter.java:113)
	at org.springframework.web.filter.CompositeFilter.doFilter(CompositeFilter.java:74)
	at org.springframework.security.config.annotation.web.configuration.WebMvcSecurityConfiguration$CompositeFilterChainProxy.doFilter(WebMvcSecurityConfiguration.java:238)
	at org.springframework.web.filter.DelegatingFilterProxy.invokeDelegate(DelegatingFilterProxy.java:362)
	at org.springframework.web.filter.DelegatingFilterProxy.doFilter(DelegatingFilterProxy.java:278)
	at org.apache.catalina.core.ApplicationFilterChain.internalDoFilter(ApplicationFilterChain.java:164)
	at org.apache.catalina.core.ApplicationFilterChain.doFilter(ApplicationFilterChain.java:140)
	at org.springframework.web.filter.RequestContextFilter.doFilterInternal(RequestContextFilter.java:100)
	at org.springframework.web.filter.OncePerRequestFilter.doFilter(OncePerRequestFilter.java:116)
	at org.apache.catalina.core.ApplicationFilterChain.internalDoFilter(ApplicationFilterChain.java:164)
	at org.apache.catalina.core.ApplicationFilterChain.doFilter(ApplicationFilterChain.java:140)
	at org.springframework.web.filter.FormContentFilter.doFilterInternal(FormContentFilter.java:93)
	at org.springframework.web.filter.OncePerRequestFilter.doFilter(OncePerRequestFilter.java:116)
	at org.apache.catalina.core.ApplicationFilterChain.internalDoFilter(ApplicationFilterChain.java:164)
	at org.apache.catalina.core.ApplicationFilterChain.doFilter(ApplicationFilterChain.java:140)
	at org.springframework.web.filter.CharacterEncodingFilter.doFilterInternal(CharacterEncodingFilter.java:201)
	at org.springframework.web.filter.OncePerRequestFilter.doFilter(OncePerRequestFilter.java:116)
	at org.apache.catalina.core.ApplicationFilterChain.internalDoFilter(ApplicationFilterChain.java:164)
	at org.apache.catalina.core.ApplicationFilterChain.doFilter(ApplicationFilterChain.java:140)
	at org.apache.catalina.core.StandardWrapperValve.invoke(StandardWrapperValve.java:167)
	at org.apache.catalina.core.StandardContextValve.invoke(StandardContextValve.java:90)
	at org.apache.catalina.authenticator.AuthenticatorBase.invoke(AuthenticatorBase.java:483)
	at org.apache.catalina.core.StandardHostValve.invoke(StandardHostValve.java:115)
	at org.apache.catalina.valves.ErrorReportValve.invoke(ErrorReportValve.java:93)
	at org.apache.catalina.core.StandardEngineValve.invoke(StandardEngineValve.java:74)
	at org.apache.catalina.connector.CoyoteAdapter.service(CoyoteAdapter.java:344)
	at org.apache.coyote.http11.Http11Processor.service(Http11Processor.java:397)
	at org.apache.coyote.AbstractProcessorLight.process(AbstractProcessorLight.java:63)
	at org.apache.coyote.AbstractProtocol$ConnectionHandler.process(AbstractProtocol.java:905)
	at org.apache.tomcat.util.net.NioEndpoint$SocketProcessor.doRun(NioEndpoint.java:1743)
	at org.apache.tomcat.util.net.SocketProcessorBase.run(SocketProcessorBase.java:52)
	at org.apache.tomcat.util.threads.ThreadPoolExecutor.runWorker(ThreadPoolExecutor.java:1190)
	at org.apache.tomcat.util.threads.ThreadPoolExecutor$Worker.run(ThreadPoolExecutor.java:659)
	at org.apache.tomcat.util.threads.TaskThread$WrappingRunnable.run(TaskThread.java:63)
	at java.base/java.lang.Thread.run(Thread.java:1575)
Caused by: java.lang.NumberFormatException: For input string: "assign"
	at java.base/java.lang.NumberFormatException.forInputString(NumberFormatException.java:67)
	at java.base/java.lang.Long.parseLong(Long.java:618)
	at java.base/java.lang.Long.valueOf(Long.java:974)
	at org.springframework.util.NumberUtils.parseNumber(NumberUtils.java:204)
	at org.springframework.beans.propertyeditors.CustomNumberEditor.setAsText(CustomNumberEditor.java:115)
	at org.springframework.beans.TypeConverterDelegate.doConvertTextValue(TypeConverterDelegate.java:439)
	at org.springframework.beans.TypeConverterDelegate.doConvertValue(TypeConverterDelegate.java:412)
	at org.springframework.beans.TypeConverterDelegate.convertIfNecessary(TypeConverterDelegate.java:161)
	at org.springframework.beans.TypeConverterSupport.convertIfNecessary(TypeConverterSupport.java:80)
	at org.springframework.beans.TypeConverterSupport.convertIfNecessary(TypeConverterSupport.java:53)
	at org.springframework.validation.DataBinder.convertIfNecessary(DataBinder.java:870)
	at org.springframework.web.method.annotation.AbstractNamedValueMethodArgumentResolver.convertIfNecessary(AbstractNamedValueMethodArgumentResolver.java:293)
	... 98 common frames omitted
2025-10-17 21:09:11.611 [http-nio-8080-exec-7] DEBUG o.s.security.web.FilterChainProxy - Securing POST /roles/assign?userId=1&roleId=2
2025-10-17 21:09:11.616 [http-nio-8080-exec-7] DEBUG org.hibernate.SQL - select u1_0.id,u1_0.age,u1_0.created_at,u1_0.first_name,u1_0.gender,u1_0.last_name,u1_0.password,u1_0.username from Users u1_0 where u1_0.username=?
2025-10-17 21:09:11.618 [http-nio-8080-exec-7] DEBUG org.hibernate.SQL - select r1_0.user_id,r1_1.id,r1_1.name from user_roles r1_0 join Roles r1_1 on r1_1.id=r1_0.role_id where r1_0.user_id=?
2025-10-17 21:09:11.619 [http-nio-8080-exec-7] INFO  o.e.security.JwtAuthenticationFilter - Info: Пользователь testuser успешно аутенфицирован
2025-10-17 21:09:11.619 [http-nio-8080-exec-7] DEBUG o.s.security.web.FilterChainProxy - Secured POST /roles/assign?userId=1&roleId=2
2025-10-17 21:09:11.621 [http-nio-8080-exec-7] DEBUG org.hibernate.SQL - select u1_0.id,u1_0.age,u1_0.created_at,u1_0.first_name,u1_0.gender,u1_0.last_name,u1_0.password,r1_0.user_id,r1_1.id,r1_1.name,u1_0.username from Users u1_0 left join user_roles r1_0 on u1_0.id=r1_0.user_id left join Roles r1_1 on r1_1.id=r1_0.role_id where u1_0.id=?
2025-10-17 21:09:11.623 [http-nio-8080-exec-7] DEBUG org.hibernate.SQL - select r1_0.id,r1_0.name from Roles r1_0 where r1_0.id=?
2025-10-17 21:09:11.629 [http-nio-8080-exec-7] INFO  o.e.service.impl.RoleServiceImpl - Info: пользователю 1 добавлена роль 2
2025-10-17 21:09:11.638 [http-nio-8080-exec-7] DEBUG org.hibernate.SQL - insert into user_roles (user_id,role_id) values (?,?)
2025-10-17 21:09:15.573 [http-nio-8080-exec-8] DEBUG o.s.security.web.FilterChainProxy - Securing GET /users/search?firstName=testuser2
2025-10-17 21:09:15.575 [http-nio-8080-exec-8] WARN  o.e.security.JwtAuthenticationFilter - Невалидный JWT-токен
2025-10-17 21:09:15.576 [http-nio-8080-exec-8] DEBUG o.s.security.web.FilterChainProxy - Securing GET /error?firstName=testuser2
2025-10-17 21:09:15.576 [http-nio-8080-exec-8] DEBUG o.s.s.w.a.AnonymousAuthenticationFilter - Set SecurityContextHolder to anonymous SecurityContext
2025-10-17 21:09:15.576 [http-nio-8080-exec-8] DEBUG o.s.s.w.a.Http403ForbiddenEntryPoint - Pre-authenticated entry point called. Rejecting access
2025-10-17 21:09:21.861 [http-nio-8080-exec-9] DEBUG o.s.security.web.FilterChainProxy - Securing GET /users/search?firstName=testuser
2025-10-17 21:09:21.862 [http-nio-8080-exec-9] WARN  o.e.security.JwtAuthenticationFilter - Невалидный JWT-токен
2025-10-17 21:09:21.863 [http-nio-8080-exec-9] DEBUG o.s.security.web.FilterChainProxy - Securing GET /error?firstName=testuser
2025-10-17 21:09:21.863 [http-nio-8080-exec-9] DEBUG o.s.s.w.a.AnonymousAuthenticationFilter - Set SecurityContextHolder to anonymous SecurityContext
2025-10-17 21:09:21.863 [http-nio-8080-exec-9] DEBUG o.s.s.w.a.Http403ForbiddenEntryPoint - Pre-authenticated entry point called. Rejecting access
2025-10-17 21:09:45.436 [http-nio-8080-exec-10] DEBUG o.s.security.web.FilterChainProxy - Securing GET /posts/user/1
2025-10-17 21:09:45.439 [http-nio-8080-exec-10] WARN  o.e.security.JwtAuthenticationFilter - Невалидный JWT-токен
2025-10-17 21:09:45.440 [http-nio-8080-exec-10] DEBUG o.s.security.web.FilterChainProxy - Securing GET /error
2025-10-17 21:09:45.441 [http-nio-8080-exec-10] DEBUG o.s.s.w.a.AnonymousAuthenticationFilter - Set SecurityContextHolder to anonymous SecurityContext
2025-10-17 21:09:45.441 [http-nio-8080-exec-10] DEBUG o.s.s.w.a.Http403ForbiddenEntryPoint - Pre-authenticated entry point called. Rejecting access
2025-10-17 21:10:40.078 [http-nio-8080-exec-1] DEBUG o.s.security.web.FilterChainProxy - Securing GET /users/search?firstName=testuser
2025-10-17 21:10:40.082 [http-nio-8080-exec-1] WARN  o.e.security.JwtAuthenticationFilter - Невалидный JWT-токен
2025-10-17 21:10:40.083 [http-nio-8080-exec-1] DEBUG o.s.security.web.FilterChainProxy - Securing GET /error?firstName=testuser
2025-10-17 21:10:40.083 [http-nio-8080-exec-1] DEBUG o.s.s.w.a.AnonymousAuthenticationFilter - Set SecurityContextHolder to anonymous SecurityContext
2025-10-17 21:10:40.084 [http-nio-8080-exec-1] DEBUG o.s.s.w.a.Http403ForbiddenEntryPoint - Pre-authenticated entry point called. Rejecting access
2025-10-17 21:12:04.131 [http-nio-8080-exec-4] DEBUG o.s.security.web.FilterChainProxy - Securing GET /users/search?firstName=testuser
2025-10-17 21:12:04.136 [http-nio-8080-exec-4] DEBUG org.hibernate.SQL - select u1_0.id,u1_0.age,u1_0.created_at,u1_0.first_name,u1_0.gender,u1_0.last_name,u1_0.password,u1_0.username from Users u1_0 where u1_0.username=?
2025-10-17 21:12:04.138 [http-nio-8080-exec-4] DEBUG org.hibernate.SQL - select r1_0.user_id,r1_1.id,r1_1.name from user_roles r1_0 join Roles r1_1 on r1_1.id=r1_0.role_id where r1_0.user_id=?
2025-10-17 21:12:04.139 [http-nio-8080-exec-4] INFO  o.e.security.JwtAuthenticationFilter - Info: Пользователь testuser успешно аутенфицирован
2025-10-17 21:12:04.139 [http-nio-8080-exec-4] DEBUG o.s.security.web.FilterChainProxy - Secured GET /users/search?firstName=testuser
2025-10-17 21:12:04.142 [http-nio-8080-exec-4] INFO  o.e.service.impl.UserServiceImpl - Info: Поиск пользователей по параметрам: firstName=testuser, lastName=null, age=null, gender=null
2025-10-17 21:12:04.160 [http-nio-8080-exec-4] DEBUG org.hibernate.SQL - select u1_0.id,u1_0.age,u1_0.created_at,u1_0.first_name,u1_0.gender,u1_0.last_name,u1_0.password,u1_0.username from Users u1_0 where 1=1 and u1_0.first_name=?
2025-10-17 21:12:04.162 [http-nio-8080-exec-4] INFO  o.e.service.impl.UserServiceImpl - Info: Найдено пользователей: 0
2025-10-17 21:12:08.809 [http-nio-8080-exec-5] DEBUG o.s.security.web.FilterChainProxy - Securing GET /users/search?firstName=testuser
2025-10-17 21:12:08.813 [http-nio-8080-exec-5] DEBUG org.hibernate.SQL - select u1_0.id,u1_0.age,u1_0.created_at,u1_0.first_name,u1_0.gender,u1_0.last_name,u1_0.password,u1_0.username from Users u1_0 where u1_0.username=?
2025-10-17 21:12:08.815 [http-nio-8080-exec-5] DEBUG org.hibernate.SQL - select r1_0.user_id,r1_1.id,r1_1.name from user_roles r1_0 join Roles r1_1 on r1_1.id=r1_0.role_id where r1_0.user_id=?
2025-10-17 21:12:08.816 [http-nio-8080-exec-5] INFO  o.e.security.JwtAuthenticationFilter - Info: Пользователь testuser успешно аутенфицирован
2025-10-17 21:12:08.816 [http-nio-8080-exec-5] DEBUG o.s.security.web.FilterChainProxy - Secured GET /users/search?firstName=testuser
2025-10-17 21:12:08.818 [http-nio-8080-exec-5] INFO  o.e.service.impl.UserServiceImpl - Info: Поиск пользователей по параметрам: firstName=testuser, lastName=null, age=null, gender=null
2025-10-17 21:12:08.819 [http-nio-8080-exec-5] DEBUG org.hibernate.SQL - select u1_0.id,u1_0.age,u1_0.created_at,u1_0.first_name,u1_0.gender,u1_0.last_name,u1_0.password,u1_0.username from Users u1_0 where 1=1 and u1_0.first_name=?
2025-10-17 21:12:08.820 [http-nio-8080-exec-5] INFO  o.e.service.impl.UserServiceImpl - Info: Найдено пользователей: 0
2025-10-17 21:12:14.279 [http-nio-8080-exec-6] DEBUG o.s.security.web.FilterChainProxy - Securing GET /posts/user/1
2025-10-17 21:12:14.280 [http-nio-8080-exec-6] WARN  o.e.security.JwtAuthenticationFilter - Невалидный JWT-токен
2025-10-17 21:12:14.281 [http-nio-8080-exec-6] DEBUG o.s.security.web.FilterChainProxy - Securing GET /error
2025-10-17 21:12:14.282 [http-nio-8080-exec-6] DEBUG o.s.s.w.a.AnonymousAuthenticationFilter - Set SecurityContextHolder to anonymous SecurityContext
2025-10-17 21:12:14.282 [http-nio-8080-exec-6] DEBUG o.s.s.w.a.Http403ForbiddenEntryPoint - Pre-authenticated entry point called. Rejecting access
2025-10-17 21:12:15.457 [http-nio-8080-exec-7] DEBUG o.s.security.web.FilterChainProxy - Securing GET /posts/user/1
2025-10-17 21:12:15.459 [http-nio-8080-exec-7] WARN  o.e.security.JwtAuthenticationFilter - Невалидный JWT-токен
2025-10-17 21:12:15.460 [http-nio-8080-exec-7] DEBUG o.s.security.web.FilterChainProxy - Securing GET /error
2025-10-17 21:12:15.460 [http-nio-8080-exec-7] DEBUG o.s.s.w.a.AnonymousAuthenticationFilter - Set SecurityContextHolder to anonymous SecurityContext
2025-10-17 21:12:15.460 [http-nio-8080-exec-7] DEBUG o.s.s.w.a.Http403ForbiddenEntryPoint - Pre-authenticated entry point called. Rejecting access
2025-10-17 21:12:28.213 [http-nio-8080-exec-8] DEBUG o.s.security.web.FilterChainProxy - Securing GET /posts/user/1
2025-10-17 21:12:28.217 [http-nio-8080-exec-8] DEBUG org.hibernate.SQL - select u1_0.id,u1_0.age,u1_0.created_at,u1_0.first_name,u1_0.gender,u1_0.last_name,u1_0.password,u1_0.username from Users u1_0 where u1_0.username=?
2025-10-17 21:12:28.218 [http-nio-8080-exec-8] DEBUG org.hibernate.SQL - select r1_0.user_id,r1_1.id,r1_1.name from user_roles r1_0 join Roles r1_1 on r1_1.id=r1_0.role_id where r1_0.user_id=?
2025-10-17 21:12:28.219 [http-nio-8080-exec-8] INFO  o.e.security.JwtAuthenticationFilter - Info: Пользователь testuser успешно аутенфицирован
2025-10-17 21:12:28.219 [http-nio-8080-exec-8] DEBUG o.s.security.web.FilterChainProxy - Secured GET /posts/user/1
2025-10-17 21:12:28.221 [http-nio-8080-exec-8] DEBUG org.hibernate.SQL - select u1_0.id,u1_0.age,u1_0.created_at,u1_0.first_name,u1_0.gender,u1_0.last_name,u1_0.password,r1_0.user_id,r1_1.id,r1_1.name,u1_0.username from Users u1_0 left join user_roles r1_0 on u1_0.id=r1_0.user_id left join Roles r1_1 on r1_1.id=r1_0.role_id where u1_0.id=?
2025-10-17 21:12:28.227 [http-nio-8080-exec-8] DEBUG org.hibernate.SQL - select p1_0.id,p1_0.author_id,p1_0.community_id,p1_0.content,p1_0.created_at from Posts p1_0 where p1_0.author_id=?
2025-10-17 21:12:28.232 [http-nio-8080-exec-8] INFO  o.e.service.impl.PostServiceImpl - Info: найдено постов пользователя 1: 1
2025-10-17 21:12:35.499 [http-nio-8080-exec-9] DEBUG o.s.security.web.FilterChainProxy - Securing GET /users/search?firstName=testuser2
2025-10-17 21:12:35.504 [http-nio-8080-exec-9] DEBUG org.hibernate.SQL - select u1_0.id,u1_0.age,u1_0.created_at,u1_0.first_name,u1_0.gender,u1_0.last_name,u1_0.password,u1_0.username from Users u1_0 where u1_0.username=?
2025-10-17 21:12:35.506 [http-nio-8080-exec-9] DEBUG org.hibernate.SQL - select r1_0.user_id,r1_1.id,r1_1.name from user_roles r1_0 join Roles r1_1 on r1_1.id=r1_0.role_id where r1_0.user_id=?
2025-10-17 21:12:35.507 [http-nio-8080-exec-9] INFO  o.e.security.JwtAuthenticationFilter - Info: Пользователь testuser успешно аутенфицирован
2025-10-17 21:12:35.508 [http-nio-8080-exec-9] DEBUG o.s.security.web.FilterChainProxy - Secured GET /users/search?firstName=testuser2
2025-10-17 21:12:35.509 [http-nio-8080-exec-9] INFO  o.e.service.impl.UserServiceImpl - Info: Поиск пользователей по параметрам: firstName=testuser2, lastName=null, age=null, gender=null
2025-10-17 21:12:35.510 [http-nio-8080-exec-9] DEBUG org.hibernate.SQL - select u1_0.id,u1_0.age,u1_0.created_at,u1_0.first_name,u1_0.gender,u1_0.last_name,u1_0.password,u1_0.username from Users u1_0 where 1=1 and u1_0.first_name=?
2025-10-17 21:12:35.511 [http-nio-8080-exec-9] DEBUG org.hibernate.SQL - select r1_0.user_id,r1_1.id,r1_1.name from user_roles r1_0 join Roles r1_1 on r1_1.id=r1_0.role_id where r1_0.user_id=?
2025-10-17 21:12:35.514 [http-nio-8080-exec-9] INFO  o.e.service.impl.UserServiceImpl - Info: Найдено пользователей: 1
2025-10-17 21:12:39.786 [http-nio-8080-exec-10] DEBUG o.s.security.web.FilterChainProxy - Securing GET /users/search?firstName=testuser
2025-10-17 21:12:39.791 [http-nio-8080-exec-10] DEBUG org.hibernate.SQL - select u1_0.id,u1_0.age,u1_0.created_at,u1_0.first_name,u1_0.gender,u1_0.last_name,u1_0.password,u1_0.username from Users u1_0 where u1_0.username=?
2025-10-17 21:12:39.792 [http-nio-8080-exec-10] DEBUG org.hibernate.SQL - select r1_0.user_id,r1_1.id,r1_1.name from user_roles r1_0 join Roles r1_1 on r1_1.id=r1_0.role_id where r1_0.user_id=?
2025-10-17 21:12:39.793 [http-nio-8080-exec-10] INFO  o.e.security.JwtAuthenticationFilter - Info: Пользователь testuser успешно аутенфицирован
2025-10-17 21:12:39.793 [http-nio-8080-exec-10] DEBUG o.s.security.web.FilterChainProxy - Secured GET /users/search?firstName=testuser
2025-10-17 21:12:39.794 [http-nio-8080-exec-10] INFO  o.e.service.impl.UserServiceImpl - Info: Поиск пользователей по параметрам: firstName=testuser, lastName=null, age=null, gender=null
2025-10-17 21:12:39.794 [http-nio-8080-exec-10] DEBUG org.hibernate.SQL - select u1_0.id,u1_0.age,u1_0.created_at,u1_0.first_name,u1_0.gender,u1_0.last_name,u1_0.password,u1_0.username from Users u1_0 where 1=1 and u1_0.first_name=?
2025-10-17 21:12:39.795 [http-nio-8080-exec-10] INFO  o.e.service.impl.UserServiceImpl - Info: Найдено пользователей: 0
2025-10-17 21:13:00.017 [http-nio-8080-exec-1] DEBUG o.s.security.web.FilterChainProxy - Securing GET /users/search?firstName=%D0%A2%D0%B5%D1%81%D1%82
2025-10-17 21:13:00.021 [http-nio-8080-exec-1] DEBUG org.hibernate.SQL - select u1_0.id,u1_0.age,u1_0.created_at,u1_0.first_name,u1_0.gender,u1_0.last_name,u1_0.password,u1_0.username from Users u1_0 where u1_0.username=?
2025-10-17 21:13:00.025 [http-nio-8080-exec-1] DEBUG org.hibernate.SQL - select r1_0.user_id,r1_1.id,r1_1.name from user_roles r1_0 join Roles r1_1 on r1_1.id=r1_0.role_id where r1_0.user_id=?
2025-10-17 21:13:00.028 [http-nio-8080-exec-1] INFO  o.e.security.JwtAuthenticationFilter - Info: Пользователь testuser успешно аутенфицирован
2025-10-17 21:13:00.028 [http-nio-8080-exec-1] DEBUG o.s.security.web.FilterChainProxy - Secured GET /users/search?firstName=%D0%A2%D0%B5%D1%81%D1%82
2025-10-17 21:13:00.029 [http-nio-8080-exec-1] INFO  o.e.service.impl.UserServiceImpl - Info: Поиск пользователей по параметрам: firstName=Тест, lastName=null, age=null, gender=null
2025-10-17 21:13:00.030 [http-nio-8080-exec-1] DEBUG org.hibernate.SQL - select u1_0.id,u1_0.age,u1_0.created_at,u1_0.first_name,u1_0.gender,u1_0.last_name,u1_0.password,u1_0.username from Users u1_0 where 1=1 and u1_0.first_name=?
2025-10-17 21:13:00.031 [http-nio-8080-exec-1] DEBUG org.hibernate.SQL - select r1_0.user_id,r1_1.id,r1_1.name from user_roles r1_0 join Roles r1_1 on r1_1.id=r1_0.role_id where r1_0.user_id=?
2025-10-17 21:13:00.032 [http-nio-8080-exec-1] INFO  o.e.service.impl.UserServiceImpl - Info: Найдено пользователей: 1
2025-10-17 21:20:14.660 [http-nio-8080-exec-4] DEBUG o.s.security.web.FilterChainProxy - Securing POST /roles/remove?userId=1&roleId=2
2025-10-17 21:20:14.661 [http-nio-8080-exec-4] DEBUG o.s.s.w.a.AnonymousAuthenticationFilter - Set SecurityContextHolder to anonymous SecurityContext
2025-10-17 21:20:14.661 [http-nio-8080-exec-4] DEBUG o.s.s.w.a.Http403ForbiddenEntryPoint - Pre-authenticated entry point called. Rejecting access
2025-10-17 21:20:14.662 [http-nio-8080-exec-4] DEBUG o.s.security.web.FilterChainProxy - Securing POST /error?userId=1&roleId=2
2025-10-17 21:20:14.662 [http-nio-8080-exec-4] DEBUG o.s.s.w.a.AnonymousAuthenticationFilter - Set SecurityContextHolder to anonymous SecurityContext
2025-10-17 21:20:14.662 [http-nio-8080-exec-4] DEBUG o.s.s.w.a.Http403ForbiddenEntryPoint - Pre-authenticated entry point called. Rejecting access
2025-10-17 21:22:39.374 [http-nio-8080-exec-7] DEBUG o.s.security.web.FilterChainProxy - Securing POST /roles/remove?userId=1&roleId=2
2025-10-17 21:22:39.375 [http-nio-8080-exec-7] DEBUG o.s.s.w.a.AnonymousAuthenticationFilter - Set SecurityContextHolder to anonymous SecurityContext
2025-10-17 21:22:39.375 [http-nio-8080-exec-7] DEBUG o.s.s.w.a.Http403ForbiddenEntryPoint - Pre-authenticated entry point called. Rejecting access
2025-10-17 21:22:39.376 [http-nio-8080-exec-7] DEBUG o.s.security.web.FilterChainProxy - Securing POST /error?userId=1&roleId=2
2025-10-17 21:22:39.376 [http-nio-8080-exec-7] DEBUG o.s.s.w.a.AnonymousAuthenticationFilter - Set SecurityContextHolder to anonymous SecurityContext
2025-10-17 21:22:39.376 [http-nio-8080-exec-7] DEBUG o.s.s.w.a.Http403ForbiddenEntryPoint - Pre-authenticated entry point called. Rejecting access
2025-10-17 21:23:14.563 [http-nio-8080-exec-8] DEBUG o.s.security.web.FilterChainProxy - Securing POST /roles/remove?userId=1&roleId=2
2025-10-17 21:23:14.569 [http-nio-8080-exec-8] DEBUG org.hibernate.SQL - select u1_0.id,u1_0.age,u1_0.created_at,u1_0.first_name,u1_0.gender,u1_0.last_name,u1_0.password,u1_0.username from Users u1_0 where u1_0.username=?
2025-10-17 21:23:14.571 [http-nio-8080-exec-8] DEBUG org.hibernate.SQL - select r1_0.user_id,r1_1.id,r1_1.name from user_roles r1_0 join Roles r1_1 on r1_1.id=r1_0.role_id where r1_0.user_id=?
2025-10-17 21:23:14.573 [http-nio-8080-exec-8] INFO  o.e.security.JwtAuthenticationFilter - Info: Пользователь testuser успешно аутенфицирован
2025-10-17 21:23:14.573 [http-nio-8080-exec-8] DEBUG o.s.security.web.FilterChainProxy - Secured POST /roles/remove?userId=1&roleId=2
2025-10-17 21:23:14.575 [http-nio-8080-exec-8] DEBUG org.hibernate.SQL - select u1_0.id,u1_0.age,u1_0.created_at,u1_0.first_name,u1_0.gender,u1_0.last_name,u1_0.password,r1_0.user_id,r1_1.id,r1_1.name,u1_0.username from Users u1_0 left join user_roles r1_0 on u1_0.id=r1_0.user_id left join Roles r1_1 on r1_1.id=r1_0.role_id where u1_0.id=?
2025-10-17 21:23:14.576 [http-nio-8080-exec-8] INFO  o.e.service.impl.RoleServiceImpl - Info: пользователю 1 удалили роль 2
2025-10-17 21:23:14.577 [http-nio-8080-exec-8] DEBUG org.hibernate.SQL - delete from user_roles where user_id=? and role_id=?
2025-10-17 21:23:19.234 [http-nio-8080-exec-9] DEBUG o.s.security.web.FilterChainProxy - Securing GET /users/search?age=%D0%A2%D0%B5%D1%81%D1%82
2025-10-17 21:23:19.238 [http-nio-8080-exec-9] DEBUG org.hibernate.SQL - select u1_0.id,u1_0.age,u1_0.created_at,u1_0.first_name,u1_0.gender,u1_0.last_name,u1_0.password,u1_0.username from Users u1_0 where u1_0.username=?
2025-10-17 21:23:19.240 [http-nio-8080-exec-9] DEBUG org.hibernate.SQL - select r1_0.user_id,r1_1.id,r1_1.name from user_roles r1_0 join Roles r1_1 on r1_1.id=r1_0.role_id where r1_0.user_id=?
2025-10-17 21:23:19.241 [http-nio-8080-exec-9] INFO  o.e.security.JwtAuthenticationFilter - Info: Пользователь testuser успешно аутенфицирован
2025-10-17 21:23:19.241 [http-nio-8080-exec-9] DEBUG o.s.security.web.FilterChainProxy - Secured GET /users/search?age=%D0%A2%D0%B5%D1%81%D1%82
2025-10-17 21:23:19.243 [http-nio-8080-exec-9] ERROR org.example.GlobalExceptionHandler - Unhandled exception
org.springframework.web.method.annotation.MethodArgumentTypeMismatchException: Method parameter 'age': Failed to convert value of type 'java.lang.String' to required type 'java.lang.Integer'; For input string: "Тест"
	at org.springframework.web.method.annotation.AbstractNamedValueMethodArgumentResolver.convertIfNecessary(AbstractNamedValueMethodArgumentResolver.java:301)
	at org.springframework.web.method.annotation.AbstractNamedValueMethodArgumentResolver.resolveArgument(AbstractNamedValueMethodArgumentResolver.java:136)
	at org.springframework.web.method.support.HandlerMethodArgumentResolverComposite.resolveArgument(HandlerMethodArgumentResolverComposite.java:122)
	at org.springframework.web.method.support.InvocableHandlerMethod.getMethodArgumentValues(InvocableHandlerMethod.java:227)
	at org.springframework.web.method.support.InvocableHandlerMethod.invokeForRequest(InvocableHandlerMethod.java:181)
	at org.springframework.web.servlet.mvc.method.annotation.ServletInvocableHandlerMethod.invokeAndHandle(ServletInvocableHandlerMethod.java:118)
	at org.springframework.web.servlet.mvc.method.annotation.RequestMappingHandlerAdapter.invokeHandlerMethod(RequestMappingHandlerAdapter.java:986)
	at org.springframework.web.servlet.mvc.method.annotation.RequestMappingHandlerAdapter.handleInternal(RequestMappingHandlerAdapter.java:891)
	at org.springframework.web.servlet.mvc.method.AbstractHandlerMethodAdapter.handle(AbstractHandlerMethodAdapter.java:87)
	at org.springframework.web.servlet.DispatcherServlet.doDispatch(DispatcherServlet.java:1089)
	at org.springframework.web.servlet.DispatcherServlet.doService(DispatcherServlet.java:979)
	at org.springframework.web.servlet.FrameworkServlet.processRequest(FrameworkServlet.java:1014)
	at org.springframework.web.servlet.FrameworkServlet.doGet(FrameworkServlet.java:903)
	at jakarta.servlet.http.HttpServlet.service(HttpServlet.java:564)
	at org.springframework.web.servlet.FrameworkServlet.service(FrameworkServlet.java:885)
	at jakarta.servlet.http.HttpServlet.service(HttpServlet.java:658)
	at org.apache.catalina.core.ApplicationFilterChain.internalDoFilter(ApplicationFilterChain.java:195)
	at org.apache.catalina.core.ApplicationFilterChain.doFilter(ApplicationFilterChain.java:140)
	at org.apache.tomcat.websocket.server.WsFilter.doFilter(WsFilter.java:51)
	at org.apache.catalina.core.ApplicationFilterChain.internalDoFilter(ApplicationFilterChain.java:164)
	at org.apache.catalina.core.ApplicationFilterChain.doFilter(ApplicationFilterChain.java:140)
	at org.springframework.web.filter.OncePerRequestFilter.doFilter(OncePerRequestFilter.java:110)
	at org.apache.catalina.core.ApplicationFilterChain.internalDoFilter(ApplicationFilterChain.java:164)
	at org.apache.catalina.core.ApplicationFilterChain.doFilter(ApplicationFilterChain.java:140)
	at org.springframework.web.filter.CompositeFilter$VirtualFilterChain.doFilter(CompositeFilter.java:108)
	at org.springframework.security.web.FilterChainProxy.lambda$doFilterInternal$3(FilterChainProxy.java:231)
	at org.springframework.security.web.FilterChainProxy$VirtualFilterChain.doFilter(FilterChainProxy.java:365)
	at org.springframework.security.web.access.intercept.AuthorizationFilter.doFilter(AuthorizationFilter.java:101)
	at org.springframework.security.web.FilterChainProxy$VirtualFilterChain.doFilter(FilterChainProxy.java:374)
	at org.springframework.security.web.access.ExceptionTranslationFilter.doFilter(ExceptionTranslationFilter.java:126)
	at org.springframework.security.web.access.ExceptionTranslationFilter.doFilter(ExceptionTranslationFilter.java:120)
	at org.springframework.security.web.FilterChainProxy$VirtualFilterChain.doFilter(FilterChainProxy.java:374)
	at org.springframework.security.web.session.SessionManagementFilter.doFilter(SessionManagementFilter.java:131)
	at org.springframework.security.web.session.SessionManagementFilter.doFilter(SessionManagementFilter.java:85)
	at org.springframework.security.web.FilterChainProxy$VirtualFilterChain.doFilter(FilterChainProxy.java:374)
	at org.springframework.security.web.authentication.AnonymousAuthenticationFilter.doFilter(AnonymousAuthenticationFilter.java:100)
	at org.springframework.security.web.FilterChainProxy$VirtualFilterChain.doFilter(FilterChainProxy.java:374)
	at org.springframework.security.web.servletapi.SecurityContextHolderAwareRequestFilter.doFilter(SecurityContextHolderAwareRequestFilter.java:179)
	at org.springframework.security.web.FilterChainProxy$VirtualFilterChain.doFilter(FilterChainProxy.java:374)
	at org.springframework.security.web.savedrequest.RequestCacheAwareFilter.doFilter(RequestCacheAwareFilter.java:63)
	at org.springframework.security.web.FilterChainProxy$VirtualFilterChain.doFilter(FilterChainProxy.java:374)
	at org.example.security.JwtAuthenticationFilter.doFilterInternal(JwtAuthenticationFilter.java:60)
	at org.springframework.web.filter.OncePerRequestFilter.doFilter(OncePerRequestFilter.java:116)
	at org.springframework.security.web.FilterChainProxy$VirtualFilterChain.doFilter(FilterChainProxy.java:374)
	at org.springframework.security.web.authentication.logout.LogoutFilter.doFilter(LogoutFilter.java:107)
	at org.springframework.security.web.authentication.logout.LogoutFilter.doFilter(LogoutFilter.java:93)
	at org.springframework.security.web.FilterChainProxy$VirtualFilterChain.doFilter(FilterChainProxy.java:374)
	at org.springframework.security.web.header.HeaderWriterFilter.doHeadersAfter(HeaderWriterFilter.java:90)
	at org.springframework.security.web.header.HeaderWriterFilter.doFilterInternal(HeaderWriterFilter.java:75)
	at org.springframework.web.filter.OncePerRequestFilter.doFilter(OncePerRequestFilter.java:116)
	at org.springframework.security.web.FilterChainProxy$VirtualFilterChain.doFilter(FilterChainProxy.java:374)
	at org.springframework.security.web.context.SecurityContextHolderFilter.doFilter(SecurityContextHolderFilter.java:82)
	at org.springframework.security.web.context.SecurityContextHolderFilter.doFilter(SecurityContextHolderFilter.java:69)
	at org.springframework.security.web.FilterChainProxy$VirtualFilterChain.doFilter(FilterChainProxy.java:374)
	at org.springframework.security.web.context.request.async.WebAsyncManagerIntegrationFilter.doFilterInternal(WebAsyncManagerIntegrationFilter.java:62)
	at org.springframework.web.filter.OncePerRequestFilter.doFilter(OncePerRequestFilter.java:116)
	at org.springframework.security.web.FilterChainProxy$VirtualFilterChain.doFilter(FilterChainProxy.java:374)
	at org.springframework.security.web.session.DisableEncodeUrlFilter.doFilterInternal(DisableEncodeUrlFilter.java:42)
	at org.springframework.web.filter.OncePerRequestFilter.doFilter(OncePerRequestFilter.java:116)
	at org.springframework.security.web.FilterChainProxy$VirtualFilterChain.doFilter(FilterChainProxy.java:374)
	at org.springframework.security.web.FilterChainProxy.doFilterInternal(FilterChainProxy.java:233)
	at org.springframework.security.web.FilterChainProxy.doFilter(FilterChainProxy.java:191)
	at org.springframework.web.filter.CompositeFilter$VirtualFilterChain.doFilter(CompositeFilter.java:113)
	at org.springframework.web.servlet.handler.HandlerMappingIntrospector.lambda$createCacheFilter$3(HandlerMappingIntrospector.java:243)
	at org.springframework.web.filter.CompositeFilter$VirtualFilterChain.doFilter(CompositeFilter.java:113)
	at org.springframework.web.filter.CompositeFilter.doFilter(CompositeFilter.java:74)
	at org.springframework.security.config.annotation.web.configuration.WebMvcSecurityConfiguration$CompositeFilterChainProxy.doFilter(WebMvcSecurityConfiguration.java:238)
	at org.springframework.web.filter.DelegatingFilterProxy.invokeDelegate(DelegatingFilterProxy.java:362)
	at org.springframework.web.filter.DelegatingFilterProxy.doFilter(DelegatingFilterProxy.java:278)
	at org.apache.catalina.core.ApplicationFilterChain.internalDoFilter(ApplicationFilterChain.java:164)
	at org.apache.catalina.core.ApplicationFilterChain.doFilter(ApplicationFilterChain.java:140)
	at org.springframework.web.filter.RequestContextFilter.doFilterInternal(RequestContextFilter.java:100)
	at org.springframework.web.filter.OncePerRequestFilter.doFilter(OncePerRequestFilter.java:116)
	at org.apache.catalina.core.ApplicationFilterChain.internalDoFilter(ApplicationFilterChain.java:164)
	at org.apache.catalina.core.ApplicationFilterChain.doFilter(ApplicationFilterChain.java:140)
	at org.springframework.web.filter.FormContentFilter.doFilterInternal(FormContentFilter.java:93)
	at org.springframework.web.filter.OncePerRequestFilter.doFilter(OncePerRequestFilter.java:116)
	at org.apache.catalina.core.ApplicationFilterChain.internalDoFilter(ApplicationFilterChain.java:164)
	at org.apache.catalina.core.ApplicationFilterChain.doFilter(ApplicationFilterChain.java:140)
	at org.springframework.web.filter.CharacterEncodingFilter.doFilterInternal(CharacterEncodingFilter.java:201)
	at org.springframework.web.filter.OncePerRequestFilter.doFilter(OncePerRequestFilter.java:116)
	at org.apache.catalina.core.ApplicationFilterChain.internalDoFilter(ApplicationFilterChain.java:164)
	at org.apache.catalina.core.ApplicationFilterChain.doFilter(ApplicationFilterChain.java:140)
	at org.apache.catalina.core.StandardWrapperValve.invoke(StandardWrapperValve.java:167)
	at org.apache.catalina.core.StandardContextValve.invoke(StandardContextValve.java:90)
	at org.apache.catalina.authenticator.AuthenticatorBase.invoke(AuthenticatorBase.java:483)
	at org.apache.catalina.core.StandardHostValve.invoke(StandardHostValve.java:115)
	at org.apache.catalina.valves.ErrorReportValve.invoke(ErrorReportValve.java:93)
	at org.apache.catalina.core.StandardEngineValve.invoke(StandardEngineValve.java:74)
	at org.apache.catalina.connector.CoyoteAdapter.service(CoyoteAdapter.java:344)
	at org.apache.coyote.http11.Http11Processor.service(Http11Processor.java:397)
	at org.apache.coyote.AbstractProcessorLight.process(AbstractProcessorLight.java:63)
	at org.apache.coyote.AbstractProtocol$ConnectionHandler.process(AbstractProtocol.java:905)
	at org.apache.tomcat.util.net.NioEndpoint$SocketProcessor.doRun(NioEndpoint.java:1743)
	at org.apache.tomcat.util.net.SocketProcessorBase.run(SocketProcessorBase.java:52)
	at org.apache.tomcat.util.threads.ThreadPoolExecutor.runWorker(ThreadPoolExecutor.java:1190)
	at org.apache.tomcat.util.threads.ThreadPoolExecutor$Worker.run(ThreadPoolExecutor.java:659)
	at org.apache.tomcat.util.threads.TaskThread$WrappingRunnable.run(TaskThread.java:63)
	at java.base/java.lang.Thread.run(Thread.java:1575)
Caused by: java.lang.NumberFormatException: For input string: "Тест"
	at java.base/java.lang.NumberFormatException.forInputString(NumberFormatException.java:67)
	at java.base/java.lang.Integer.parseInt(Integer.java:588)
	at java.base/java.lang.Integer.valueOf(Integer.java:935)
	at org.springframework.util.NumberUtils.parseNumber(NumberUtils.java:201)
	at org.springframework.beans.propertyeditors.CustomNumberEditor.setAsText(CustomNumberEditor.java:115)
	at org.springframework.beans.TypeConverterDelegate.doConvertTextValue(TypeConverterDelegate.java:439)
	at org.springframework.beans.TypeConverterDelegate.doConvertValue(TypeConverterDelegate.java:412)
	at org.springframework.beans.TypeConverterDelegate.convertIfNecessary(TypeConverterDelegate.java:161)
	at org.springframework.beans.TypeConverterSupport.convertIfNecessary(TypeConverterSupport.java:80)
	at org.springframework.beans.TypeConverterSupport.convertIfNecessary(TypeConverterSupport.java:53)
	at org.springframework.validation.DataBinder.convertIfNecessary(DataBinder.java:870)
	at org.springframework.web.method.annotation.AbstractNamedValueMethodArgumentResolver.convertIfNecessary(AbstractNamedValueMethodArgumentResolver.java:293)
	... 98 common frames omitted
2025-10-17 21:23:32.649 [http-nio-8080-exec-1] DEBUG o.s.security.web.FilterChainProxy - Securing GET /users/search?firstName=%D0%A2%D0%B5%D1%81%D1%82
2025-10-17 21:23:32.653 [http-nio-8080-exec-1] DEBUG org.hibernate.SQL - select u1_0.id,u1_0.age,u1_0.created_at,u1_0.first_name,u1_0.gender,u1_0.last_name,u1_0.password,u1_0.username from Users u1_0 where u1_0.username=?
2025-10-17 21:23:32.654 [http-nio-8080-exec-1] DEBUG org.hibernate.SQL - select r1_0.user_id,r1_1.id,r1_1.name from user_roles r1_0 join Roles r1_1 on r1_1.id=r1_0.role_id where r1_0.user_id=?
2025-10-17 21:23:32.655 [http-nio-8080-exec-1] INFO  o.e.security.JwtAuthenticationFilter - Info: Пользователь testuser успешно аутенфицирован
2025-10-17 21:23:32.655 [http-nio-8080-exec-1] DEBUG o.s.security.web.FilterChainProxy - Secured GET /users/search?firstName=%D0%A2%D0%B5%D1%81%D1%82
2025-10-17 21:23:32.656 [http-nio-8080-exec-1] INFO  o.e.service.impl.UserServiceImpl - Info: Поиск пользователей по параметрам: firstName=Тест, lastName=null, age=null, gender=null
2025-10-17 21:23:32.657 [http-nio-8080-exec-1] DEBUG org.hibernate.SQL - select u1_0.id,u1_0.age,u1_0.created_at,u1_0.first_name,u1_0.gender,u1_0.last_name,u1_0.password,u1_0.username from Users u1_0 where 1=1 and u1_0.first_name=?
2025-10-17 21:23:32.659 [http-nio-8080-exec-1] DEBUG org.hibernate.SQL - select r1_0.user_id,r1_1.id,r1_1.name from user_roles r1_0 join Roles r1_1 on r1_1.id=r1_0.role_id where r1_0.user_id=?
2025-10-17 21:23:32.660 [http-nio-8080-exec-1] INFO  o.e.service.impl.UserServiceImpl - Info: Найдено пользователей: 1
2025-10-17 21:27:05.226 [http-nio-8080-exec-4] DEBUG o.s.security.web.FilterChainProxy - Securing GET /posts/user/1
2025-10-17 21:27:05.231 [http-nio-8080-exec-4] DEBUG org.hibernate.SQL - select u1_0.id,u1_0.age,u1_0.created_at,u1_0.first_name,u1_0.gender,u1_0.last_name,u1_0.password,u1_0.username from Users u1_0 where u1_0.username=?
2025-10-17 21:27:05.233 [http-nio-8080-exec-4] DEBUG org.hibernate.SQL - select r1_0.user_id,r1_1.id,r1_1.name from user_roles r1_0 join Roles r1_1 on r1_1.id=r1_0.role_id where r1_0.user_id=?
2025-10-17 21:27:05.234 [http-nio-8080-exec-4] INFO  o.e.security.JwtAuthenticationFilter - Info: Пользователь testuser успешно аутенфицирован
2025-10-17 21:27:05.234 [http-nio-8080-exec-4] DEBUG o.s.security.web.FilterChainProxy - Secured GET /posts/user/1
2025-10-17 21:27:05.235 [http-nio-8080-exec-4] DEBUG org.hibernate.SQL - select u1_0.id,u1_0.age,u1_0.created_at,u1_0.first_name,u1_0.gender,u1_0.last_name,u1_0.password,r1_0.user_id,r1_1.id,r1_1.name,u1_0.username from Users u1_0 left join user_roles r1_0 on u1_0.id=r1_0.user_id left join Roles r1_1 on r1_1.id=r1_0.role_id where u1_0.id=?
2025-10-17 21:27:05.237 [http-nio-8080-exec-4] DEBUG org.hibernate.SQL - select p1_0.id,p1_0.author_id,p1_0.community_id,p1_0.content,p1_0.created_at from Posts p1_0 where p1_0.author_id=?
2025-10-17 21:27:05.239 [http-nio-8080-exec-4] INFO  o.e.service.impl.PostServiceImpl - Info: найдено постов пользователя 1: 1
2025-10-17 21:29:11.600 [http-nio-8080-exec-7] DEBUG o.s.security.web.FilterChainProxy - Securing GET /posts/all
2025-10-17 21:29:11.600 [http-nio-8080-exec-7] DEBUG o.s.s.w.a.AnonymousAuthenticationFilter - Set SecurityContextHolder to anonymous SecurityContext
2025-10-17 21:29:11.601 [http-nio-8080-exec-7] DEBUG o.s.s.w.a.Http403ForbiddenEntryPoint - Pre-authenticated entry point called. Rejecting access
2025-10-17 21:29:11.601 [http-nio-8080-exec-7] DEBUG o.s.security.web.FilterChainProxy - Securing GET /error
2025-10-17 21:29:11.601 [http-nio-8080-exec-7] DEBUG o.s.s.w.a.AnonymousAuthenticationFilter - Set SecurityContextHolder to anonymous SecurityContext
2025-10-17 21:29:11.602 [http-nio-8080-exec-7] DEBUG o.s.s.w.a.Http403ForbiddenEntryPoint - Pre-authenticated entry point called. Rejecting access
2025-10-17 21:29:36.181 [http-nio-8080-exec-8] DEBUG o.s.security.web.FilterChainProxy - Securing GET /posts/all
2025-10-17 21:29:36.182 [http-nio-8080-exec-8] WARN  o.e.security.JwtAuthenticationFilter - Невалидный JWT-токен
2025-10-17 21:29:36.183 [http-nio-8080-exec-8] DEBUG o.s.security.web.FilterChainProxy - Securing GET /error
2025-10-17 21:29:36.183 [http-nio-8080-exec-8] DEBUG o.s.s.w.a.AnonymousAuthenticationFilter - Set SecurityContextHolder to anonymous SecurityContext
2025-10-17 21:29:36.184 [http-nio-8080-exec-8] DEBUG o.s.s.w.a.Http403ForbiddenEntryPoint - Pre-authenticated entry point called. Rejecting access
2025-10-17 21:30:05.308 [http-nio-8080-exec-9] DEBUG o.s.security.web.FilterChainProxy - Securing POST /auth/login
2025-10-17 21:30:05.308 [http-nio-8080-exec-9] DEBUG o.s.s.w.a.AnonymousAuthenticationFilter - Set SecurityContextHolder to anonymous SecurityContext
2025-10-17 21:30:05.308 [http-nio-8080-exec-9] DEBUG o.s.security.web.FilterChainProxy - Secured POST /auth/login
2025-10-17 21:30:05.324 [http-nio-8080-exec-9] DEBUG org.hibernate.SQL - select u1_0.id,u1_0.age,u1_0.created_at,u1_0.first_name,u1_0.gender,u1_0.last_name,u1_0.password,u1_0.username from Users u1_0 where u1_0.username=?
2025-10-17 21:30:05.324 [http-nio-8080-exec-9] DEBUG org.hibernate.SQL - select r1_0.user_id,r1_1.id,r1_1.name from user_roles r1_0 join Roles r1_1 on r1_1.id=r1_0.role_id where r1_0.user_id=?
2025-10-17 21:30:05.403 [http-nio-8080-exec-9] DEBUG o.s.s.a.d.DaoAuthenticationProvider - Authenticated user
2025-10-17 21:30:19.999 [http-nio-8080-exec-10] DEBUG o.s.security.web.FilterChainProxy - Securing GET /posts/all
2025-10-17 21:30:20.002 [http-nio-8080-exec-10] DEBUG org.hibernate.SQL - select u1_0.id,u1_0.age,u1_0.created_at,u1_0.first_name,u1_0.gender,u1_0.last_name,u1_0.password,u1_0.username from Users u1_0 where u1_0.username=?
2025-10-17 21:30:20.003 [http-nio-8080-exec-10] DEBUG org.hibernate.SQL - select r1_0.user_id,r1_1.id,r1_1.name from user_roles r1_0 join Roles r1_1 on r1_1.id=r1_0.role_id where r1_0.user_id=?
2025-10-17 21:30:20.004 [http-nio-8080-exec-10] INFO  o.e.security.JwtAuthenticationFilter - Info: Пользователь testuser успешно аутенфицирован
2025-10-17 21:30:20.005 [http-nio-8080-exec-10] DEBUG o.s.security.web.FilterChainProxy - Secured GET /posts/all
2025-10-17 21:30:20.007 [http-nio-8080-exec-10] DEBUG org.hibernate.SQL - select p1_0.id,p1_0.author_id,p1_0.community_id,p1_0.content,p1_0.created_at from Posts p1_0
2025-10-17 21:30:20.012 [http-nio-8080-exec-10] DEBUG org.hibernate.SQL - select u1_0.id,u1_0.age,u1_0.created_at,u1_0.first_name,u1_0.gender,u1_0.last_name,u1_0.password,r1_0.user_id,r1_1.id,r1_1.name,u1_0.username from Users u1_0 left join user_roles r1_0 on u1_0.id=r1_0.user_id left join Roles r1_1 on r1_1.id=r1_0.role_id where u1_0.id=?
2025-10-17 21:30:20.014 [http-nio-8080-exec-10] INFO  o.e.service.impl.PostServiceImpl - Info: найдено всего постов: 1
2025-10-17 23:43:59.760 [HikariPool-1 housekeeper] WARN  com.zaxxer.hikari.pool.HikariPool - HikariPool-1 - Thread starvation or clock leap detected (housekeeper delta=27m33s582ms924µs500ns).
